1667933249.2069488 Бот запущен
1667933254.9215746 Пользователь (1366294722) прислал сообщение: /ration
1667933350.438973 Пользователь (1366294722) прислал сообщение: /comprehensive
1667933371.1697733 Пользователь (1366294722) прислал сообщение: 2313123
1667933883.70969 Пользователь (1366294722) прислал сообщение: /ration
1667933927.2503633 Бот запущен
1667933938.466938 Пользователь (1395213046) прислал сообщение: /ration
1667934019.8797364 Бот запущен
1667934022.7922132 Пользователь (148701382) прислал сообщение: /ration
1667934271.5086067 Пользователь (1366294722) прислал сообщение: /ration
1667934390.0819256 Бот запущен
1667934395.6559083 Пользователь (379221680) прислал сообщение: /ration
1667934412.9278007 Пользователь (379221680) прислал сообщение: 120/2
1667934949.008157 Бот запущен
1667934957.0505219 Пользователь (1017019289) прислал сообщение: /ration
1667935008.2237532 Пользователь (1017019289) прислал сообщение: 90%10
1667935022.445619 Пользователь (1017019289) прислал сообщение: 12+-12
1667935041.0536761 Пользователь (1017019289) прислал сообщение: /ration
1667935061.5235884 Пользователь (1017019289) прислал сообщение: 12 /3
1667935110.8607073 Пользователь (1017019289) прислал сообщение: 0.000000000000000000000000000000000078*99999999999
1667935699.8353214 Бот запущен
1667935711.597603 Пользователь (485654282) прислал сообщение: /ration
1667935723.3312128 Пользователь (485654282) прислал сообщение: 22
1667935726.9145222 Пользователь (485654282) прислал сообщение: /ration
1667935738.1151578 Пользователь (485654282) прислал сообщение: /help
1667935741.7697015 Пользователь (485654282) прислал сообщение: /comprehensive
1667935775.4589615 Пользователь (1017019289) прислал сообщение: 0.99999999999999999999*88888888888888
1668009891.7844439 Пользователь (1366294722) прислал сообщение: /ration
1668010036.7228441 Пользователь (1366294722) прислал сообщение: 2+3*2
1668010036.7228441 Пользователь (1366294722) прислал сообщение: /ration
1668010036.9924326 Пользователь (1366294722) прислал сообщение: /comprehensive
1668010057.014184 Пользователь (1366294722) прислал сообщение: /ration
1668010202.0832853 Пользователь (1366294722) прислал сообщение: /ration
1668010332.6999967 Пользователь (1366294722) прислал сообщение: /ration
1668010345.112273 Пользователь (1366294722) прислал сообщение: nkjj
1668010349.280959 Пользователь (1366294722) прислал сообщение: /ration
1668010357.0417247 Пользователь (1366294722) прислал сообщение: fsfs
1668010577.7499268 Бот запущен
1668010584.460896 Пользователь (1366294722) прислал сообщение: /ration
1668010606.3460255 Пользователь (1366294722) прислал сообщение: 123
1668011317.4637358 Пользователь (1366294722) прислал сообщение: /ration
1668011325.086535 Пользователь (1366294722) прислал сообщение: 23+5-9/8
1668011397.7120528 Пользователь (1366294722) прислал сообщение: /comprehensive
1668011405.836921 Пользователь (1366294722) прислал сообщение: 23+25j - 6-24j
1668011409.6811469 Пользователь (1366294722) прислал сообщение: /ration
1668011416.7191825 Пользователь (1366294722) прислал сообщение: 12*3+4
1668011922.35446 Бот запущен
1668011934.9988587 Бот запущен
1668011940.1077406 Бот запущен
1668012107.5852032 Пользователь (1366294722) прислал сообщение: /ration
1668012164.5792701 Пользователь (1366294722) прислал сообщение: /ration
1668012312.704176 Бот запущен
1668012316.3348768 Пользователь (1366294722) прислал сообщение: /ration
1668012334.0441484 Пользователь (1366294722) прислал сообщение: /ration
1668012338.607483 Пользователь (1366294722) прислал сообщение: /comprehensive
1668012342.0732749 Пользователь (1366294722) прислал сообщение: /comprehensive
1668012925.20464 Пользователь (1366294722) прислал сообщение: /comprehensive
1668013079.6930556 Пользователь (1366294722) прислал сообщение: /ration
1668013082.3225398 Пользователь (1366294722) прислал сообщение: /comprehensive
1668013089.9017558 Пользователь (1366294722) прислал сообщение: /export
1668013169.0695777 Пользователь (1366294722) прислал сообщение: /ration
